  [1m[35m (3.0ms)[0m  [1m[35mSET  @@SESSION.sql_mode = CONCAT(CONCAT(@@sql_mode, ',STRICT_ALL_TABLES'), ',NO_AUTO_VALUE_ON_ZERO'),  @@SESSION.sql_auto_is_null = 0, @@SESSION.wait_timeout = 2147483[0m
  [1m[35m (52.9ms)[0m  [1m[35mCREATE TABLE `schema_migrations` (`version` varchar(255) NOT NULL PRIMARY KEY) ENGINE=InnoDB[0m
  [1m[35m (60.9ms)[0m  [1m[35mCREATE TABLE `ar_internal_metadata` (`key` varchar(255) NOT NULL PRIMARY KEY, `value` varchar(255), `created_at` datetime NOT NULL, `updated_at` datetime NOT NULL) ENGINE=InnoDB[0m
  [1m[35m (2.0ms)[0m  [1m[34mSELECT GET_LOCK('7040311518601890585', 0)[0m
  [1m[35m (2.0ms)[0m  [1m[34mSELECT `schema_migrations`.`version` FROM `schema_migrations` ORDER BY `schema_migrations`.`version` ASC[0m
Migrating to CreateUsers (20191007110109)
  [1m[35m (1.0ms)[0m  [1m[34mSELECT RELEASE_LOCK('7040311518601890585')[0m
  [1m[35m (2.0ms)[0m  [1m[35mSET  @@SESSION.sql_mode = CONCAT(CONCAT(@@sql_mode, ',STRICT_ALL_TABLES'), ',NO_AUTO_VALUE_ON_ZERO'),  @@SESSION.sql_auto_is_null = 0, @@SESSION.wait_timeout = 2147483[0m
  [1m[35m (1.0ms)[0m  [1m[34mSELECT GET_LOCK('7040311518601890585', 0)[0m
  [1m[35m (1.0ms)[0m  [1m[34mSELECT `schema_migrations`.`version` FROM `schema_migrations` ORDER BY `schema_migrations`.`version` ASC[0m
Migrating to CreateUsers (20191007110109)
  [1m[35m (2.0ms)[0m  [1m[34mSELECT RELEASE_LOCK('7040311518601890585')[0m
  [1m[35m (1.0ms)[0m  [1m[35mSET  @@SESSION.sql_mode = CONCAT(CONCAT(@@sql_mode, ',STRICT_ALL_TABLES'), ',NO_AUTO_VALUE_ON_ZERO'),  @@SESSION.sql_auto_is_null = 0, @@SESSION.wait_timeout = 2147483[0m
  [1m[35m (1.0ms)[0m  [1m[34mSELECT GET_LOCK('7040311518601890585', 0)[0m
  [1m[35m (1.0ms)[0m  [1m[34mSELECT `schema_migrations`.`version` FROM `schema_migrations` ORDER BY `schema_migrations`.`version` ASC[0m
Migrating to CreateUsers (20191007110109)
  [1m[35m (47.9ms)[0m  [1m[35mCREATE TABLE `users` (`id` bigint NOT NULL AUTO_INCREMENT PRIMARY KEY, `email` varchar(255), `age` int, `firstName` varchar(255), `lastName` varchar(255), `article_id` bigint, `created_at` datetime NOT NULL, `updated_at` datetime NOT NULL,  INDEX `index_users_on_article_id`  (`article_id`)) ENGINE=InnoDB[0m
  [1m[35m (1.0ms)[0m  [1m[35mBEGIN[0m
  [1m[35mSQL (3.0ms)[0m  [1m[32mINSERT INTO `schema_migrations` (`version`) VALUES ('20191007110109')[0m
  [1m[35m (4.0ms)[0m  [1m[35mCOMMIT[0m
  [1m[36mActiveRecord::InternalMetadata Load (2.0ms)[0m  [1m[34mSELECT  `ar_internal_metadata`.* FROM `ar_internal_metadata` WHERE `ar_internal_metadata`.`key` = 'environment' LIMIT 1[0m
  [1m[35m (1.0ms)[0m  [1m[35mBEGIN[0m
  [1m[35mSQL (2.0ms)[0m  [1m[32mINSERT INTO `ar_internal_metadata` (`key`, `value`, `created_at`, `updated_at`) VALUES ('environment', 'development', '2019-10-07 11:08:33', '2019-10-07 11:08:33')[0m
  [1m[35m (5.0ms)[0m  [1m[35mCOMMIT[0m
  [1m[35m (1.0ms)[0m  [1m[34mSELECT RELEASE_LOCK('7040311518601890585')[0m
  [1m[35m (1.0ms)[0m  [1m[34mSELECT `schema_migrations`.`version` FROM `schema_migrations` ORDER BY `schema_migrations`.`version` ASC[0m
  [1m[35m (1.0ms)[0m  [1m[35mSET  @@SESSION.sql_mode = CONCAT(CONCAT(@@sql_mode, ',STRICT_ALL_TABLES'), ',NO_AUTO_VALUE_ON_ZERO'),  @@SESSION.sql_auto_is_null = 0, @@SESSION.wait_timeout = 2147483[0m
  [1m[35m (1.0ms)[0m  [1m[34mSELECT GET_LOCK('7040311518601890585', 0)[0m
  [1m[35m (1.0ms)[0m  [1m[34mSELECT `schema_migrations`.`version` FROM `schema_migrations` ORDER BY `schema_migrations`.`version` ASC[0m
  [1m[36mActiveRecord::InternalMetadata Load (3.0ms)[0m  [1m[34mSELECT  `ar_internal_metadata`.* FROM `ar_internal_metadata` WHERE `ar_internal_metadata`.`key` = 'environment' LIMIT 1[0m
  [1m[35m (2.0ms)[0m  [1m[35mBEGIN[0m
  [1m[35m (1.0ms)[0m  [1m[35mCOMMIT[0m
  [1m[35m (1.0ms)[0m  [1m[34mSELECT RELEASE_LOCK('7040311518601890585')[0m
  [1m[35m (2.0ms)[0m  [1m[34mSELECT `schema_migrations`.`version` FROM `schema_migrations` ORDER BY `schema_migrations`.`version` ASC[0m
  [1m[35m (2.0ms)[0m  [1m[35mSET  @@SESSION.sql_mode = CONCAT(CONCAT(@@sql_mode, ',STRICT_ALL_TABLES'), ',NO_AUTO_VALUE_ON_ZERO'),  @@SESSION.sql_auto_is_null = 0, @@SESSION.wait_timeout = 2147483[0m
  [1m[35m (2.0ms)[0m  [1m[34mSELECT GET_LOCK('7040311518601890585', 0)[0m
  [1m[35m (2.0ms)[0m  [1m[34mSELECT `schema_migrations`.`version` FROM `schema_migrations` ORDER BY `schema_migrations`.`version` ASC[0m
Migrating to CreateUsers (20191007111626)
  [1m[35m (1.0ms)[0m  [1m[34mSELECT RELEASE_LOCK('7040311518601890585')[0m
  [1m[35m (4.0ms)[0m  [1m[35mSET  @@SESSION.sql_mode = CONCAT(CONCAT(@@sql_mode, ',STRICT_ALL_TABLES'), ',NO_AUTO_VALUE_ON_ZERO'),  @@SESSION.sql_auto_is_null = 0, @@SESSION.wait_timeout = 2147483[0m
  [1m[35m (1.0ms)[0m  [1m[34mSELECT GET_LOCK('7040311518601890585', 0)[0m
  [1m[35m (3.0ms)[0m  [1m[34mSELECT `schema_migrations`.`version` FROM `schema_migrations` ORDER BY `schema_migrations`.`version` ASC[0m
Migrating to CreateUsers (20191007111626)
  [1m[35m (57.9ms)[0m  [1m[35mCREATE TABLE `users` (`id` bigint NOT NULL AUTO_INCREMENT PRIMARY KEY, `email` varchar(255), `age` int, `firstName` varchar(255), `lastName` varchar(255), `created_at` datetime NOT NULL, `updated_at` datetime NOT NULL) ENGINE=InnoDB[0m
  [1m[35m (2.0ms)[0m  [1m[35mBEGIN[0m
  [1m[35mSQL (2.0ms)[0m  [1m[32mINSERT INTO `schema_migrations` (`version`) VALUES ('20191007111626')[0m
  [1m[35m (3.0ms)[0m  [1m[35mCOMMIT[0m
  [1m[36mActiveRecord::InternalMetadata Load (1.0ms)[0m  [1m[34mSELECT  `ar_internal_metadata`.* FROM `ar_internal_metadata` WHERE `ar_internal_metadata`.`key` = 'environment' LIMIT 1[0m
  [1m[35m (2.0ms)[0m  [1m[35mBEGIN[0m
  [1m[35m (1.0ms)[0m  [1m[35mCOMMIT[0m
  [1m[35m (1.0ms)[0m  [1m[34mSELECT RELEASE_LOCK('7040311518601890585')[0m
  [1m[35m (1.0ms)[0m  [1m[34mSELECT `schema_migrations`.`version` FROM `schema_migrations` ORDER BY `schema_migrations`.`version` ASC[0m
Started POST "/api/v1/users" for ::1 at 2019-10-07 15:31:49 +0400
  [1m[35m (2.0ms)[0m  [1m[35mSET  @@SESSION.sql_mode = CONCAT(CONCAT(@@sql_mode, ',STRICT_ALL_TABLES'), ',NO_AUTO_VALUE_ON_ZERO'),  @@SESSION.sql_auto_is_null = 0, @@SESSION.wait_timeout = 2147483[0m
  [1m[35m (2.0ms)[0m  [1m[34mSELECT `schema_migrations`.`version` FROM `schema_migrations` ORDER BY `schema_migrations`.`version` ASC[0m
  
SyntaxError (C:/Users/User/Desktop/ruby/just/app/controllers/api/v1/users_controller.rb:7: syntax error, unexpected '}', expecting =>
...on: { data: @user , 'created' } , status: response.status
...                               ^):
  
app/controllers/api/v1/users_controller.rb:7: syntax error, unexpected '}', expecting =>
Error occurred while parsing request parameters.
Contents:

{
	"email":"rob@mail.com",
	"firstName":"Robert",
	"lastName":"Aslanyan"
	"age":22
}
Started POST "/api/v1/users" for ::1 at 2019-10-07 15:32:30 +0400
  
SyntaxError (C:/Users/User/Desktop/ruby/just/app/controllers/api/v1/users_controller.rb:7: syntax error, unexpected '}', expecting =>
...on: { data: @user , 'created' } , status: response.status
...                               ^):
  
app/controllers/api/v1/users_controller.rb:7: syntax error, unexpected '}', expecting =>
Started POST "/api/v1/users" for ::1 at 2019-10-07 15:32:55 +0400
  [1m[35m (1.0ms)[0m  [1m[35mSET  @@SESSION.sql_mode = CONCAT(CONCAT(@@sql_mode, ',STRICT_ALL_TABLES'), ',NO_AUTO_VALUE_ON_ZERO'),  @@SESSION.sql_auto_is_null = 0, @@SESSION.wait_timeout = 2147483[0m
  
ActionController::RoutingError (undefined method `validates' for Api::V1::UsersController:Class):
  
app/controllers/api/v1/users_controller.rb:2:in `<class:UsersController>'
app/controllers/api/v1/users_controller.rb:1:in `<top (required)>'
Started POST "/api/v1/users" for ::1 at 2019-10-07 15:34:05 +0400
  
ActionController::RoutingError (undefined method `validate' for Api::V1::UsersController:Class):
  
app/controllers/api/v1/users_controller.rb:2:in `<class:UsersController>'
app/controllers/api/v1/users_controller.rb:1:in `<top (required)>'
Started POST "/api/v1/users" for ::1 at 2019-10-07 15:35:03 +0400
  
ActionController::RoutingError (undefined method `validates_uniqueness_of' for Api::V1::UsersController:Class):
  
app/controllers/api/v1/users_controller.rb:2:in `<class:UsersController>'
app/controllers/api/v1/users_controller.rb:1:in `<top (required)>'
Started POST "/api/v1/users" for ::1 at 2019-10-07 15:35:57 +0400
Processing by Api::V1::UsersController#create as */*
  Parameters: {"email"=>"rob@mail.com", "firstName"=>"Robert", "lastName"=>"Aslanyan", "age"=>22, "user"=>{"email"=>"rob@mail.com", "age"=>22, "firstName"=>"Robert", "lastName"=>"Aslanyan"}}
Unpermitted parameter: :firstName
  [1m[35m (1.0ms)[0m  [1m[35mBEGIN[0m
  [1m[36mUser Exists (2.0ms)[0m  [1m[34mSELECT  1 AS one FROM `users` WHERE `users`.`email` = BINARY 'rob@mail.com' LIMIT 1[0m
  [1m[35mSQL (1.0ms)[0m  [1m[32mINSERT INTO `users` (`email`, `age`, `lastName`, `created_at`, `updated_at`) VALUES ('rob@mail.com', 22, 'Aslanyan', '2019-10-07 11:35:58', '2019-10-07 11:35:58')[0m
  [1m[35m (15.0ms)[0m  [1m[35mCOMMIT[0m
Completed 200 OK in 235ms (Views: 15.9ms | ActiveRecord: 56.9ms)


Started POST "/api/v1/users" for ::1 at 2019-10-07 15:36:01 +0400
Processing by Api::V1::UsersController#create as */*
  Parameters: {"email"=>"rob@mail.com", "firstName"=>"Robert", "lastName"=>"Aslanyan", "age"=>22, "user"=>{"email"=>"rob@mail.com", "age"=>22, "firstName"=>"Robert", "lastName"=>"Aslanyan"}}
Unpermitted parameter: :firstName
  [1m[35m (2.0ms)[0m  [1m[35mBEGIN[0m
  [1m[36mUser Exists (3.0ms)[0m  [1m[34mSELECT  1 AS one FROM `users` WHERE `users`.`email` = BINARY 'rob@mail.com' LIMIT 1[0m
  [1m[35m (1.0ms)[0m  [1m[31mROLLBACK[0m
Completed 200 OK in 165ms (Views: 1.4ms | ActiveRecord: 6.0ms)


Started POST "/api/v1/users" for ::1 at 2019-10-07 15:36:15 +0400
Processing by Api::V1::UsersController#create as */*
  Parameters: {"email"=>"rob@mail.com", "firstName"=>"Robert", "lastName"=>"Aslanyan", "age"=>22, "user"=>{"email"=>"rob@mail.com", "age"=>22, "firstName"=>"Robert", "lastName"=>"Aslanyan"}}
Unpermitted parameter: :firstName
  [1m[35m (1.0ms)[0m  [1m[35mBEGIN[0m
  [1m[36mUser Exists (2.0ms)[0m  [1m[34mSELECT  1 AS one FROM `users` WHERE `users`.`email` = BINARY 'rob@mail.com' LIMIT 1[0m
  [1m[35m (2.0ms)[0m  [1m[31mROLLBACK[0m
Completed 200 OK in 47ms (Views: 1.5ms | ActiveRecord: 5.0ms)


Started POST "/api/v1/users" for ::1 at 2019-10-07 15:36:27 +0400
Processing by Api::V1::UsersController#create as */*
  Parameters: {"email"=>"rob@mail.com", "firstName"=>"Robert", "lastName"=>"Aslanyan", "age"=>22, "user"=>{"email"=>"rob@mail.com", "age"=>22, "firstName"=>"Robert", "lastName"=>"Aslanyan"}}
Unpermitted parameter: :firstName
  [1m[35m (2.0ms)[0m  [1m[35mBEGIN[0m
  [1m[36mUser Exists (2.0ms)[0m  [1m[34mSELECT  1 AS one FROM `users` WHERE `users`.`email` = BINARY 'rob@mail.com' LIMIT 1[0m
  [1m[35m (3.0ms)[0m  [1m[31mROLLBACK[0m
Completed 200 OK in 32ms (Views: 1.2ms | ActiveRecord: 7.0ms)


Started POST "/api/v1/users" for ::1 at 2019-10-07 15:37:05 +0400
Processing by Api::V1::UsersController#create as */*
  Parameters: {"email"=>"rob@mail.com", "firstName"=>"Robert", "lastName"=>"Aslanyan", "age"=>22, "user"=>{"email"=>"rob@mail.com", "age"=>22, "firstName"=>"Robert", "lastName"=>"Aslanyan"}}
  [1m[35m (1.0ms)[0m  [1m[35mBEGIN[0m
  [1m[36mUser Exists (2.0ms)[0m  [1m[34mSELECT  1 AS one FROM `users` WHERE `users`.`email` = BINARY 'rob@mail.com' LIMIT 1[0m
  [1m[35m (1.0ms)[0m  [1m[31mROLLBACK[0m
Completed 200 OK in 124ms (Views: 4.3ms | ActiveRecord: 27.0ms)


Started POST "/api/v1/users" for ::1 at 2019-10-07 15:40:09 +0400
Processing by Api::V1::UsersController#create as */*
  Parameters: {"email"=>"rob@mail.com", "firstName"=>"Robert", "lastName"=>"Aslanyan", "age"=>22, "user"=>{"email"=>"rob@mail.com", "age"=>22, "firstName"=>"Robert", "lastName"=>"Aslanyan"}}
Completed 500 Internal Server Error in 11ms (ActiveRecord: 0.0ms)


  
NoMethodError (undefined method `valid?' for nil:NilClass):
  
app/controllers/api/v1/users_controller.rb:4:in `create'
Started POST "/api/v1/users" for ::1 at 2019-10-07 15:40:42 +0400
  
SyntaxError (C:/Users/User/Desktop/ruby/just/app/controllers/api/v1/users_controller.rb:7: syntax error, unexpected modifier_if, expecting '}'
...ta: @user , status: :created if @user.valid? } , status: res...
...                               ^
C:/Users/User/Desktop/ruby/just/app/controllers/api/v1/users_controller.rb:7: syntax error, unexpected '}', expecting keyword_end
...tus: :created if @user.valid? } , status: response.status
...                               ^):
  
app/controllers/api/v1/users_controller.rb:7: syntax error, unexpected modifier_if, expecting '}'
app/controllers/api/v1/users_controller.rb:7: syntax error, unexpected '}', expecting keyword_end
Started POST "/api/v1/users" for ::1 at 2019-10-07 15:41:32 +0400
Processing by Api::V1::UsersController#create as */*
  Parameters: {"email"=>"rob@mail.com", "firstName"=>"Robert", "lastName"=>"Aslanyan", "age"=>22, "user"=>{"email"=>"rob@mail.com", "age"=>22, "firstName"=>"Robert", "lastName"=>"Aslanyan"}}
  [1m[35m (1.0ms)[0m  [1m[35mBEGIN[0m
  [1m[36mUser Exists (3.0ms)[0m  [1m[34mSELECT  1 AS one FROM `users` WHERE `users`.`email` = BINARY 'rob@mail.com' LIMIT 1[0m
  [1m[35m (2.0ms)[0m  [1m[31mROLLBACK[0m
  [1m[36mUser Exists (2.0ms)[0m  [1m[34mSELECT  1 AS one FROM `users` WHERE `users`.`email` = BINARY 'rob@mail.com' LIMIT 1[0m
Completed 200 OK in 331ms (Views: 1.6ms | ActiveRecord: 45.9ms)


Started GET "/api/v1/users/1" for ::1 at 2019-10-07 15:43:35 +0400
Processing by Api::V1::UsersController#show as */*
  Parameters: {"id"=>"1", "user"=>{}}
  [1m[36mUser Load (3.0ms)[0m  [1m[34mSELECT  `users`.* FROM `users` WHERE `users`.`id` = 1 LIMIT 1[0m
Completed 200 OK in 137ms (Views: 29.8ms | ActiveRecord: 3.0ms)


Started GET "/api/v1/users/1" for ::1 at 2019-10-07 15:43:44 +0400
Processing by Api::V1::UsersController#show as */*
  Parameters: {"id"=>"1", "user"=>{}}
  [1m[36mUser Load (9.0ms)[0m  [1m[34mSELECT  `users`.* FROM `users` WHERE `users`.`id` = 1 LIMIT 1[0m
Completed 200 OK in 45ms (Views: 6.2ms | ActiveRecord: 9.0ms)


Started GET "/api/v1/users/" for ::1 at 2019-10-07 15:45:58 +0400
Processing by Api::V1::UsersController#index as */*
  Parameters: {"user"=>{}}
Completed 204 No Content in 3ms (ActiveRecord: 32.9ms)


Started GET "/api/v1/users/1" for ::1 at 2019-10-07 15:49:59 +0400
  [1m[35m (3.0ms)[0m  [1m[35mSET  @@SESSION.sql_mode = CONCAT(CONCAT(@@sql_mode, ',STRICT_ALL_TABLES'), ',NO_AUTO_VALUE_ON_ZERO'),  @@SESSION.sql_auto_is_null = 0, @@SESSION.wait_timeout = 2147483[0m
  [1m[35m (2.0ms)[0m  [1m[34mSELECT `schema_migrations`.`version` FROM `schema_migrations` ORDER BY `schema_migrations`.`version` ASC[0m
Processing by Api::V1::UsersController#show as */*
  Parameters: {"id"=>"1", "user"=>{}}
  [1m[36mUser Load (2.0ms)[0m  [1m[34mSELECT  `users`.* FROM `users` WHERE `users`.`id` = 1 LIMIT 1[0m
Completed 200 OK in 112ms (Views: 2.5ms | ActiveRecord: 37.9ms)


Started GET "/api/v1/users/" for ::1 at 2019-10-07 15:50:06 +0400
Processing by Api::V1::UsersController#index as */*
  Parameters: {"user"=>{}}
Completed 204 No Content in 2ms (ActiveRecord: 0.0ms)


Started GET "/api/v1/users/" for ::1 at 2019-10-07 15:50:50 +0400
  [1m[35m (1.0ms)[0m  [1m[35mSET  @@SESSION.sql_mode = CONCAT(CONCAT(@@sql_mode, ',STRICT_ALL_TABLES'), ',NO_AUTO_VALUE_ON_ZERO'),  @@SESSION.sql_auto_is_null = 0, @@SESSION.wait_timeout = 2147483[0m
Processing by Api::V1::UsersController#index as */*
  Parameters: {"user"=>{}}
Completed 204 No Content in 4ms (ActiveRecord: 0.0ms)


Started GET "/api/v1/users/1" for ::1 at 2019-10-07 15:51:09 +0400
Processing by Api::V1::UsersController#show as */*
  Parameters: {"id"=>"1", "user"=>{}}
  [1m[36mUser Load (1.0ms)[0m  [1m[34mSELECT  `users`.* FROM `users` WHERE `users`.`id` = 1 LIMIT 1[0m
Completed 200 OK in 90ms (Views: 15.8ms | ActiveRecord: 9.0ms)


Started GET "/api/v1/users/1" for ::1 at 2019-10-07 15:51:19 +0400
Processing by Api::V1::UsersController#show as */*
  Parameters: {"id"=>"1", "user"=>{}}
  [1m[36mUser Load (2.0ms)[0m  [1m[34mSELECT  `users`.* FROM `users` WHERE `users`.`id` = 1 LIMIT 1[0m
Completed 200 OK in 74ms (Views: 58.8ms | ActiveRecord: 2.0ms)


Started GET "/api/v1/users" for ::1 at 2019-10-07 15:51:32 +0400
Processing by Api::V1::UsersController#index as */*
  Parameters: {"user"=>{}}
Completed 204 No Content in 3ms (ActiveRecord: 0.0ms)


Started GET "/api/v1/users/1" for ::1 at 2019-10-07 15:55:34 +0400
Processing by Api::V1::UsersController#show as */*
  Parameters: {"id"=>"1", "user"=>{}}
  [1m[36mUser Load (3.0ms)[0m  [1m[34mSELECT  `users`.* FROM `users` WHERE `users`.`id` = 1 LIMIT 1[0m
Completed 200 OK in 79ms (Views: 2.6ms | ActiveRecord: 3.0ms)


Started GET "/api/v1/users" for ::1 at 2019-10-07 15:55:40 +0400
Processing by Api::V1::UsersController#index as */*
  Parameters: {"user"=>{}}
Completed 204 No Content in 4ms (ActiveRecord: 0.0ms)


Started GET "/api/v1/users" for ::1 at 2019-10-07 15:56:36 +0400
Processing by Api::V1::UsersController#index as */*
  Parameters: {"user"=>{}}
  [1m[36mUser Load (2.0ms)[0m  [1m[34mSELECT `users`.* FROM `users`[0m
Completed 200 OK in 77ms (Views: 70.0ms | ActiveRecord: 2.0ms)


Started GET "/api/v1/users/1" for ::1 at 2019-10-07 16:00:27 +0400
  [1m[35m (1.0ms)[0m  [1m[35mSET  @@SESSION.sql_mode = CONCAT(CONCAT(@@sql_mode, ',STRICT_ALL_TABLES'), ',NO_AUTO_VALUE_ON_ZERO'),  @@SESSION.sql_auto_is_null = 0, @@SESSION.wait_timeout = 2147483[0m
  [1m[35m (1.0ms)[0m  [1m[34mSELECT `schema_migrations`.`version` FROM `schema_migrations` ORDER BY `schema_migrations`.`version` ASC[0m
Processing by Api::V1::UsersController#show as */*
  Parameters: {"id"=>"1", "user"=>{}}
  [1m[36mUser Load (1.0ms)[0m  [1m[34mSELECT  `users`.* FROM `users` WHERE `users`.`id` = 1 LIMIT 1[0m
Completed 200 OK in 113ms (Views: 2.4ms | ActiveRecord: 33.0ms)


Started GET "/api/v1/users" for ::1 at 2019-10-07 16:00:36 +0400
Processing by Api::V1::UsersController#index as */*
  Parameters: {"user"=>{}}
  [1m[35m (1.0ms)[0m  [1m[35mSET  @@SESSION.sql_mode = CONCAT(CONCAT(@@sql_mode, ',STRICT_ALL_TABLES'), ',NO_AUTO_VALUE_ON_ZERO'),  @@SESSION.sql_auto_is_null = 0, @@SESSION.wait_timeout = 2147483[0m
  [1m[36mUser Load (2.0ms)[0m  [1m[34mSELECT `users`.* FROM `users`[0m
Completed 200 OK in 118ms (Views: 108.1ms | ActiveRecord: 3.0ms)


Started GET "/api/v1/users/1" for ::1 at 2019-10-07 16:00:58 +0400
Processing by Api::V1::UsersController#show as */*
  Parameters: {"id"=>"1", "user"=>{}}
  [1m[36mUser Load (2.0ms)[0m  [1m[34mSELECT  `users`.* FROM `users` WHERE `users`.`id` = 1 LIMIT 1[0m
Completed 500 Internal Server Error in 649ms (ActiveRecord: 2.0ms)


  
NameError (undefined local variable or method `cookies' for #<Api::V1::UsersController:0x52e8640>):
  
app/controllers/api/v1/users_controller.rb:12:in `show'
Started GET "/api/v1/users/1" for ::1 at 2019-10-07 16:13:50 +0400
  [1m[35m (1.0ms)[0m  [1m[35mSET  @@SESSION.sql_mode = CONCAT(CONCAT(@@sql_mode, ',STRICT_ALL_TABLES'), ',NO_AUTO_VALUE_ON_ZERO'),  @@SESSION.sql_auto_is_null = 0, @@SESSION.wait_timeout = 2147483[0m
  [1m[35m (1.0ms)[0m  [1m[34mSELECT `schema_migrations`.`version` FROM `schema_migrations` ORDER BY `schema_migrations`.`version` ASC[0m
Processing by Api::V1::UsersController#show as */*
  Parameters: {"id"=>"1", "user"=>{}}
  [1m[36mUser Load (10.0ms)[0m  [1m[34mSELECT  `users`.* FROM `users` WHERE `users`.`id` = 1 LIMIT 1[0m
Completed 500 Internal Server Error in 948ms (ActiveRecord: 112.8ms)


  
NameError (undefined local variable or method `cookies' for #<Api::V1::UsersController:0x542e698>):
  
app/controllers/api/v1/users_controller.rb:12:in `show'
Started GET "/api/v1/users/1" for ::1 at 2019-10-07 16:14:04 +0400
  [1m[35m (2.0ms)[0m  [1m[35mSET  @@SESSION.sql_mode = CONCAT(CONCAT(@@sql_mode, ',STRICT_ALL_TABLES'), ',NO_AUTO_VALUE_ON_ZERO'),  @@SESSION.sql_auto_is_null = 0, @@SESSION.wait_timeout = 2147483[0m
Processing by Api::V1::UsersController#show as */*
  Parameters: {"id"=>"1", "user"=>{}}
  [1m[36mUser Load (2.0ms)[0m  [1m[34mSELECT  `users`.* FROM `users` WHERE `users`.`id` = 1 LIMIT 1[0m
Completed 200 OK in 71ms (Views: 4.6ms | ActiveRecord: 2.0ms)


Started GET "/api/v1/users" for ::1 at 2019-10-07 16:14:35 +0400
Processing by Api::V1::UsersController#index as */*
  Parameters: {"user"=>{}}
  [1m[36mUser Load (2.0ms)[0m  [1m[34mSELECT `users`.* FROM `users`[0m
Completed 200 OK in 26ms (Views: 16.2ms | ActiveRecord: 2.0ms)


Started GET "/api/v1/users/1" for ::1 at 2019-10-07 16:20:57 +0400
  [1m[35m (1.0ms)[0m  [1m[35mSET  @@SESSION.sql_mode = CONCAT(CONCAT(@@sql_mode, ',STRICT_ALL_TABLES'), ',NO_AUTO_VALUE_ON_ZERO'),  @@SESSION.sql_auto_is_null = 0, @@SESSION.wait_timeout = 2147483[0m
  [1m[35m (1.0ms)[0m  [1m[34mSELECT `schema_migrations`.`version` FROM `schema_migrations` ORDER BY `schema_migrations`.`version` ASC[0m
Processing by Api::V1::UsersController#show as */*
  Parameters: {"id"=>"1", "user"=>{}}
  [1m[36mUser Load (1.0ms)[0m  [1m[34mSELECT  `users`.* FROM `users` WHERE `users`.`id` = 1 LIMIT 1[0m
Completed 200 OK in 167ms (Views: 6.2ms | ActiveRecord: 36.9ms)


Started GET "/api/v1/users/1" for ::1 at 2019-10-07 16:21:32 +0400
Processing by Api::V1::UsersController#show as */*
  Parameters: {"id"=>"1", "user"=>{}}
  [1m[35m (2.0ms)[0m  [1m[35mSET  @@SESSION.sql_mode = CONCAT(CONCAT(@@sql_mode, ',STRICT_ALL_TABLES'), ',NO_AUTO_VALUE_ON_ZERO'),  @@SESSION.sql_auto_is_null = 0, @@SESSION.wait_timeout = 2147483[0m
  [1m[36mUser Load (1.0ms)[0m  [1m[34mSELECT  `users`.* FROM `users` WHERE `users`.`id` = 1 LIMIT 1[0m
Completed 200 OK in 39ms (Views: 6.9ms | ActiveRecord: 3.0ms)


Started GET "/api/v1/users" for ::1 at 2019-10-07 16:21:46 +0400
Processing by Api::V1::UsersController#index as */*
  Parameters: {"user"=>{}}
  [1m[36mUser Load (1.0ms)[0m  [1m[34mSELECT `users`.* FROM `users`[0m
Completed 200 OK in 68ms (Views: 64.1ms | ActiveRecord: 1.0ms)


Started GET "/api/v1/users" for ::1 at 2019-10-07 16:22:10 +0400
Processing by Api::V1::UsersController#index as */*
  Parameters: {"user"=>{}}
  [1m[36mUser Load (2.0ms)[0m  [1m[34mSELECT `users`.* FROM `users`[0m
Completed 200 OK in 87ms (Views: 77.5ms | ActiveRecord: 2.0ms)


Started PUT "/api/v1/users/2" for ::1 at 2019-10-07 16:29:00 +0400
  
SyntaxError (C:/Users/User/Desktop/ruby/just/app/controllers/api/v1/users_controller.rb:30: syntax error, unexpected tIDENTIFIER, expecting '}'
...ender json:{ data: @user status: :updated } , status: respon...
...                               ^
C:/Users/User/Desktop/ruby/just/app/controllers/api/v1/users_controller.rb:30: syntax error, unexpected tLABEL
...er status: :updated } , status: response.status
...                               ^
C:/Users/User/Desktop/ruby/just/app/controllers/api/v1/users_controller.rb:31: syntax error, unexpected '}', expecting keyword_end):
  
app/controllers/api/v1/users_controller.rb:30: syntax error, unexpected tIDENTIFIER, expecting '}'
app/controllers/api/v1/users_controller.rb:30: syntax error, unexpected tLABEL
app/controllers/api/v1/users_controller.rb:31: syntax error, unexpected '}', expecting keyword_end
Started PUT "/api/v1/users/2" for ::1 at 2019-10-07 16:29:33 +0400
Processing by Api::V1::UsersController#update as */*
  Parameters: {"email"=>"rob@mail.com", "firstName"=>"Robert", "lastName"=>"Aslanyan", "age"=>22, "id"=>"2", "user"=>{"email"=>"rob@mail.com", "age"=>22, "firstName"=>"Robert", "lastName"=>"Aslanyan"}}
  [1m[36mUser Load (2.0ms)[0m  [1m[34mSELECT  `users`.* FROM `users` WHERE `users`.`id` = 2 LIMIT 1[0m
Completed 404 Not Found in 15ms (ActiveRecord: 34.9ms)


  
ActiveRecord::RecordNotFound (Couldn't find User with 'id'=2):
  
app/controllers/api/v1/users_controller.rb:27:in `block in update'
app/controllers/api/v1/users_controller.rb:45:in `has_permision'
app/controllers/api/v1/users_controller.rb:33:in `update'
Started PUT "/api/v1/users/2" for ::1 at 2019-10-07 16:30:26 +0400
Processing by Api::V1::UsersController#update as */*
  Parameters: {"email"=>"rob@mail.com", "firstName"=>"Robert", "lastName"=>"Aslanyan", "age"=>22, "id"=>"2", "user"=>{"email"=>"rob@mail.com", "age"=>22, "firstName"=>"Robert", "lastName"=>"Aslanyan"}}
Completed 403 Forbidden in 7ms (Views: 1.6ms | ActiveRecord: 0.0ms)


Started PUT "/api/v1/users/1" for ::1 at 2019-10-07 16:30:43 +0400
Processing by Api::V1::UsersController#update as */*
  Parameters: {"email"=>"rob@mail.com", "firstName"=>"Robert", "lastName"=>"Aslanyan", "age"=>24, "id"=>"1", "user"=>{"email"=>"rob@mail.com", "age"=>24, "firstName"=>"Robert", "lastName"=>"Aslanyan"}}
  [1m[36mUser Load (2.0ms)[0m  [1m[34mSELECT  `users`.* FROM `users` WHERE `users`.`id` = 1 LIMIT 1[0m
  [1m[35m (2.0ms)[0m  [1m[35mBEGIN[0m
  [1m[36mUser Exists (2.0ms)[0m  [1m[34mSELECT  1 AS one FROM `users` WHERE `users`.`email` = BINARY 'rob@mail.com' AND (`users`.`id` != 1) LIMIT 1[0m
  [1m[35mSQL (2.0ms)[0m  [1m[33mUPDATE `users` SET `firstName` = 'Robert', `age` = 24, `updated_at` = '2019-10-07 12:30:43' WHERE `users`.`id` = 1[0m
  [1m[35m (11.0ms)[0m  [1m[35mCOMMIT[0m
Completed 200 OK in 249ms (Views: 4.2ms | ActiveRecord: 24.0ms)


  [1m[35m (2.0ms)[0m  [1m[35mSET  @@SESSION.sql_mode = CONCAT(CONCAT(@@sql_mode, ',STRICT_ALL_TABLES'), ',NO_AUTO_VALUE_ON_ZERO'),  @@SESSION.sql_auto_is_null = 0, @@SESSION.wait_timeout = 2147483[0m
  [1m[35m (1.0ms)[0m  [1m[34mSELECT GET_LOCK('7040311518601890585', 0)[0m
  [1m[35m (1.0ms)[0m  [1m[34mSELECT `schema_migrations`.`version` FROM `schema_migrations` ORDER BY `schema_migrations`.`version` ASC[0m
Migrating to CreateArticles (20191007123549)
  [1m[35m (31.9ms)[0m  [1m[35mCREATE TABLE `articles` (`id` bigint NOT NULL AUTO_INCREMENT PRIMARY KEY, `title` varchar(255), `description` varchar(255), `user_id` bigint, `created_at` datetime NOT NULL, `updated_at` datetime NOT NULL,  INDEX `index_articles_on_user_id`  (`user_id`)) ENGINE=InnoDB[0m
  [1m[35m (1.0ms)[0m  [1m[35mBEGIN[0m
  [1m[35mSQL (1.0ms)[0m  [1m[32mINSERT INTO `schema_migrations` (`version`) VALUES ('20191007123549')[0m
  [1m[35m (3.0ms)[0m  [1m[35mCOMMIT[0m
  [1m[36mActiveRecord::InternalMetadata Load (2.0ms)[0m  [1m[34mSELECT  `ar_internal_metadata`.* FROM `ar_internal_metadata` WHERE `ar_internal_metadata`.`key` = 'environment' LIMIT 1[0m
  [1m[35m (1.0ms)[0m  [1m[35mBEGIN[0m
  [1m[35m (1.0ms)[0m  [1m[35mCOMMIT[0m
  [1m[35m (1.0ms)[0m  [1m[34mSELECT RELEASE_LOCK('7040311518601890585')[0m
  [1m[35m (2.0ms)[0m  [1m[34mSELECT `schema_migrations`.`version` FROM `schema_migrations` ORDER BY `schema_migrations`.`version` ASC[0m
Started POST "/api/v1/articles/" for ::1 at 2019-10-07 18:02:46 +0400
  [1m[35m (2.0ms)[0m  [1m[34mSELECT `schema_migrations`.`version` FROM `schema_migrations` ORDER BY `schema_migrations`.`version` ASC[0m
  
SyntaxError (C:/Users/User/Desktop/ruby/just/app/controllers/api/v1/articles_controller.rb:19: syntax error, unexpected tIDENTIFIER, expecting '}'
...er json: {data: @article status: :created } , status: :forbi...
...                               ^
C:/Users/User/Desktop/ruby/just/app/controllers/api/v1/articles_controller.rb:19: syntax error, unexpected tLABEL
...le status: :created } , status: :forbidden
...                               ^
C:/Users/User/Desktop/ruby/just/app/controllers/api/v1/articles_controller.rb:20: syntax error, unexpected '}', expecting keyword_end):
  
app/controllers/api/v1/articles_controller.rb:19: syntax error, unexpected tIDENTIFIER, expecting '}'
app/controllers/api/v1/articles_controller.rb:19: syntax error, unexpected tLABEL
app/controllers/api/v1/articles_controller.rb:20: syntax error, unexpected '}', expecting keyword_end
Started POST "/api/v1/articles/" for ::1 at 2019-10-07 18:03:04 +0400
Processing by Api::V1::ArticlesController#create as */*
  Parameters: {"title"=>"Title", "description"=>"Description", "lastName"=>"Aslanyan", "age"=>24, "article"=>{"title"=>"Title", "description"=>"Description"}}
Completed 500 Internal Server Error in 6ms (ActiveRecord: 31.9ms)


  
ArgumentError (wrong number of arguments (given 0, expected 1)):
  
app/controllers/api/v1/articles_controller.rb:35:in `article_params'
app/controllers/api/v1/articles_controller.rb:17:in `block in create'
app/controllers/api/v1/articles_controller.rb:30:in `has_permision'
app/controllers/api/v1/articles_controller.rb:22:in `create'
Started POST "/api/v1/articles/" for ::1 at 2019-10-07 18:03:18 +0400
Processing by Api::V1::ArticlesController#create as */*
  Parameters: {"title"=>"Title", "description"=>"Description", "lastName"=>"Aslanyan", "age"=>24, "article"=>{"title"=>"Title", "description"=>"Description"}}
Completed 500 Internal Server Error in 8ms (ActiveRecord: 0.0ms)


  
ArgumentError (wrong number of arguments (given 2, expected 0..1)):
  
app/controllers/api/v1/articles_controller.rb:17:in `block in create'
app/controllers/api/v1/articles_controller.rb:30:in `has_permision'
app/controllers/api/v1/articles_controller.rb:22:in `create'
Started POST "/api/v1/articles/" for ::1 at 2019-10-07 18:05:00 +0400
  
SyntaxError (C:/Users/User/Desktop/ruby/just/app/controllers/api/v1/articles_controller.rb:17: syntax error, unexpected ',', expecting =>
...rticle.create({article_params , user_id: session[:user_id]})
...                               ^
C:/Users/User/Desktop/ruby/just/app/controllers/api/v1/articles_controller.rb:17: syntax error, unexpected ')', expecting keyword_end
C:/Users/User/Desktop/ruby/just/app/controllers/api/v1/articles_controller.rb:20: syntax error, unexpected '}', expecting keyword_end):
  
app/controllers/api/v1/articles_controller.rb:17: syntax error, unexpected ',', expecting =>
app/controllers/api/v1/articles_controller.rb:17: syntax error, unexpected ')', expecting keyword_end
app/controllers/api/v1/articles_controller.rb:20: syntax error, unexpected '}', expecting keyword_end
Started POST "/api/v1/articles/" for ::1 at 2019-10-07 18:05:30 +0400
  
SyntaxError (C:/Users/User/Desktop/ruby/just/app/controllers/api/v1/articles_controller.rb:17: syntax error, unexpected '}', expecting =>
...rticle.create({article_params } , user_id: session[:user_id])
...                               ^
C:/Users/User/Desktop/ruby/just/app/controllers/api/v1/articles_controller.rb:17: syntax error, unexpected ')', expecting '}'):
  
app/controllers/api/v1/articles_controller.rb:17: syntax error, unexpected '}', expecting =>
app/controllers/api/v1/articles_controller.rb:17: syntax error, unexpected ')', expecting '}'
Started POST "/api/v1/articles/" for ::1 at 2019-10-07 18:07:46 +0400
Processing by Api::V1::ArticlesController#create as */*
  Parameters: {"title"=>"Title", "description"=>"Description", "lastName"=>"Aslanyan", "age"=>24, "article"=>{"title"=>"Title", "description"=>"Description"}}
  [1m[35m (0.0ms)[0m  [1m[35mBEGIN[0m
  [1m[35mSQL (2.0ms)[0m  [1m[32mINSERT INTO `articles` (`title`, `description`, `user_id`, `created_at`, `updated_at`) VALUES ('Title', 'Description', 1, '2019-10-07 14:07:46', '2019-10-07 14:07:46')[0m
  [1m[35m (12.0ms)[0m  [1m[35mCOMMIT[0m
Completed 403 Forbidden in 106ms (Views: 3.7ms | ActiveRecord: 60.9ms)


Started POST "/api/v1/articles/" for ::1 at 2019-10-07 18:08:15 +0400
Processing by Api::V1::ArticlesController#create as */*
  Parameters: {"title"=>"Title 2", "description"=>"Description 2", "lastName"=>"Aslanyan", "age"=>24, "article"=>{"title"=>"Title 2", "description"=>"Description 2"}}
  [1m[35m (1.0ms)[0m  [1m[35mBEGIN[0m
  [1m[35mSQL (7.0ms)[0m  [1m[32mINSERT INTO `articles` (`title`, `description`, `user_id`, `created_at`, `updated_at`) VALUES ('Title 2', 'Description 2', 1, '2019-10-07 14:08:16', '2019-10-07 14:08:16')[0m
  [1m[35m (4.0ms)[0m  [1m[35mCOMMIT[0m
Completed 403 Forbidden in 106ms (Views: 62.4ms | ActiveRecord: 12.0ms)


Started GET "/api/v1/articles/" for ::1 at 2019-10-07 18:09:52 +0400
Processing by Api::V1::ArticlesController#index as */*
  Parameters: {"article"=>{}}
  [1m[36mArticle Load (1.0ms)[0m  [1m[34mSELECT `articles`.* FROM `articles`[0m
Completed 200 OK in 71ms (Views: 64.0ms | ActiveRecord: 46.9ms)


Started GET "/api/v1/articles/1" for ::1 at 2019-10-07 18:10:14 +0400
Processing by Api::V1::ArticlesController#show as */*
  Parameters: {"id"=>"1", "article"=>{}}
  [1m[36mArticle Load (3.0ms)[0m  [1m[34mSELECT  `articles`.* FROM `articles` WHERE `articles`.`id` = 1 LIMIT 1[0m
Completed 200 OK in 173ms (Views: 4.7ms | ActiveRecord: 3.0ms)


Started GET "/api/v1/articles/24" for ::1 at 2019-10-07 18:10:18 +0400
Processing by Api::V1::ArticlesController#show as */*
  Parameters: {"id"=>"24", "article"=>{}}
  [1m[36mArticle Load (2.0ms)[0m  [1m[34mSELECT  `articles`.* FROM `articles` WHERE `articles`.`id` = 24 LIMIT 1[0m
Completed 404 Not Found in 52ms (ActiveRecord: 2.0ms)


  
ActiveRecord::RecordNotFound (Couldn't find Article with 'id'=24):
  
app/controllers/api/v1/articles_controller.rb:11:in `show'
